{"total": {"lines":{"total":8432,"covered":6654,"skipped":0,"pct":78.91},"statements":{"total":8432,"covered":6654,"skipped":0,"pct":78.91},"functions":{"total":448,"covered":287,"skipped":0,"pct":64.06},"branches":{"total":1666,"covered":1356,"skipped":0,"pct":81.39},"branchesTrue":{"total":0,"covered":0,"skipped":0,"pct":"Unknown"}}
,"D:\\My Project\\SmartBookAI\\src\\lib\\aging.js": {"lines":{"total":69,"covered":69,"skipped":0,"pct":100},"functions":{"total":7,"covered":7,"skipped":0,"pct":100},"statements":{"total":69,"covered":69,"skipped":0,"pct":100},"branches":{"total":40,"covered":39,"skipped":0,"pct":97.5}}
,"D:\\My Project\\SmartBookAI\\src\\lib\\ai.js": {"lines":{"total":157,"covered":115,"skipped":0,"pct":73.24},"functions":{"total":16,"covered":9,"skipped":0,"pct":56.25},"statements":{"total":157,"covered":115,"skipped":0,"pct":73.24},"branches":{"total":23,"covered":17,"skipped":0,"pct":73.91}}
,"D:\\My Project\\SmartBookAI\\src\\lib\\aiActions.js": {"lines":{"total":241,"covered":139,"skipped":0,"pct":57.67},"functions":{"total":9,"covered":8,"skipped":0,"pct":88.88},"statements":{"total":241,"covered":139,"skipped":0,"pct":57.67},"branches":{"total":71,"covered":49,"skipped":0,"pct":69.01}}
,"D:\\My Project\\SmartBookAI\\src\\lib\\aiSummary.js": {"lines":{"total":67,"covered":67,"skipped":0,"pct":100},"functions":{"total":3,"covered":3,"skipped":0,"pct":100},"statements":{"total":67,"covered":67,"skipped":0,"pct":100},"branches":{"total":27,"covered":24,"skipped":0,"pct":88.88}}
,"D:\\My Project\\SmartBookAI\\src\\lib\\analytics.js": {"lines":{"total":187,"covered":95,"skipped":0,"pct":50.8},"functions":{"total":12,"covered":5,"skipped":0,"pct":41.66},"statements":{"total":187,"covered":95,"skipped":0,"pct":50.8},"branches":{"total":33,"covered":28,"skipped":0,"pct":84.84}}
,"D:\\My Project\\SmartBookAI\\src\\lib\\api.js": {"lines":{"total":1513,"covered":825,"skipped":0,"pct":54.52},"functions":{"total":139,"covered":37,"skipped":0,"pct":26.61},"statements":{"total":1513,"covered":825,"skipped":0,"pct":54.52},"branches":{"total":207,"covered":135,"skipped":0,"pct":65.21}}
,"D:\\My Project\\SmartBookAI\\src\\lib\\applock.js": {"lines":{"total":41,"covered":41,"skipped":0,"pct":100},"functions":{"total":14,"covered":14,"skipped":0,"pct":100},"statements":{"total":41,"covered":41,"skipped":0,"pct":100},"branches":{"total":34,"covered":34,"skipped":0,"pct":100}}
,"D:\\My Project\\SmartBookAI\\src\\lib\\categorize.js": {"lines":{"total":58,"covered":58,"skipped":0,"pct":100},"functions":{"total":3,"covered":3,"skipped":0,"pct":100},"statements":{"total":58,"covered":58,"skipped":0,"pct":100},"branches":{"total":23,"covered":18,"skipped":0,"pct":78.26}}
,"D:\\My Project\\SmartBookAI\\src\\lib\\csvImport.js": {"lines":{"total":195,"covered":142,"skipped":0,"pct":72.82},"functions":{"total":13,"covered":8,"skipped":0,"pct":61.53},"statements":{"total":195,"covered":142,"skipped":0,"pct":72.82},"branches":{"total":66,"covered":49,"skipped":0,"pct":74.24}}
,"D:\\My Project\\SmartBookAI\\src\\lib\\format.js": {"lines":{"total":30,"covered":30,"skipped":0,"pct":100},"functions":{"total":6,"covered":6,"skipped":0,"pct":100},"statements":{"total":30,"covered":30,"skipped":0,"pct":100},"branches":{"total":13,"covered":13,"skipped":0,"pct":100}}
,"D:\\My Project\\SmartBookAI\\src\\lib\\gudang.js": {"lines":{"total":67,"covered":67,"skipped":0,"pct":100},"functions":{"total":4,"covered":4,"skipped":0,"pct":100},"statements":{"total":67,"covered":67,"skipped":0,"pct":100},"branches":{"total":23,"covered":18,"skipped":0,"pct":78.26}}
,"D:\\My Project\\SmartBookAI\\src\\lib\\hpp.js": {"lines":{"total":78,"covered":78,"skipped":0,"pct":100},"functions":{"total":6,"covered":6,"skipped":0,"pct":100},"statements":{"total":78,"covered":78,"skipped":0,"pct":100},"branches":{"total":28,"covered":27,"skipped":0,"pct":96.42}}
,"D:\\My Project\\SmartBookAI\\src\\lib\\hr.js": {"lines":{"total":52,"covered":52,"skipped":0,"pct":100},"functions":{"total":6,"covered":6,"skipped":0,"pct":100},"statements":{"total":52,"covered":52,"skipped":0,"pct":100},"branches":{"total":23,"covered":19,"skipped":0,"pct":82.6}}
,"D:\\My Project\\SmartBookAI\\src\\lib\\i18n.js": {"lines":{"total":1660,"covered":1660,"skipped":0,"pct":100},"functions":{"total":0,"covered":0,"skipped":0,"pct":100},"statements":{"total":1660,"covered":1660,"skipped":0,"pct":100},"branches":{"total":0,"covered":0,"skipped":0,"pct":100}}
,"D:\\My Project\\SmartBookAI\\src\\lib\\imageCompress.js": {"lines":{"total":24,"covered":24,"skipped":0,"pct":100},"functions":{"total":2,"covered":2,"skipped":0,"pct":100},"statements":{"total":24,"covered":24,"skipped":0,"pct":100},"branches":{"total":15,"covered":15,"skipped":0,"pct":100}}
,"D:\\My Project\\SmartBookAI\\src\\lib\\invoice.js": {"lines":{"total":306,"covered":304,"skipped":0,"pct":99.34},"functions":{"total":22,"covered":22,"skipped":0,"pct":100},"statements":{"total":306,"covered":304,"skipped":0,"pct":99.34},"branches":{"total":144,"covered":112,"skipped":0,"pct":77.77}}
,"D:\\My Project\\SmartBookAI\\src\\lib\\kpi.js": {"lines":{"total":104,"covered":104,"skipped":0,"pct":100},"functions":{"total":8,"covered":8,"skipped":0,"pct":100},"statements":{"total":104,"covered":104,"skipped":0,"pct":100},"branches":{"total":73,"covered":73,"skipped":0,"pct":100}}
,"D:\\My Project\\SmartBookAI\\src\\lib\\leakReport.js": {"lines":{"total":170,"covered":167,"skipped":0,"pct":98.23},"functions":{"total":8,"covered":7,"skipped":0,"pct":87.5},"statements":{"total":170,"covered":167,"skipped":0,"pct":98.23},"branches":{"total":21,"covered":21,"skipped":0,"pct":100}}
,"D:\\My Project\\SmartBookAI\\src\\lib\\legal.js": {"lines":{"total":24,"covered":24,"skipped":0,"pct":100},"functions":{"total":0,"covered":0,"skipped":0,"pct":100},"statements":{"total":24,"covered":24,"skipped":0,"pct":100},"branches":{"total":0,"covered":0,"skipped":0,"pct":100}}
,"D:\\My Project\\SmartBookAI\\src\\lib\\legalRender.js": {"lines":{"total":40,"covered":40,"skipped":0,"pct":100},"functions":{"total":4,"covered":4,"skipped":0,"pct":100},"statements":{"total":40,"covered":40,"skipped":0,"pct":100},"branches":{"total":20,"covered":20,"skipped":0,"pct":100}}
,"D:\\My Project\\SmartBookAI\\src\\lib\\liveAudio.js": {"lines":{"total":378,"covered":196,"skipped":0,"pct":51.85},"functions":{"total":21,"covered":6,"skipped":0,"pct":28.57},"statements":{"total":378,"covered":196,"skipped":0,"pct":51.85},"branches":{"total":21,"covered":20,"skipped":0,"pct":95.23}}
,"D:\\My Project\\SmartBookAI\\src\\lib\\liveClient.js": {"lines":{"total":244,"covered":156,"skipped":0,"pct":63.93},"functions":{"total":12,"covered":3,"skipped":0,"pct":25},"statements":{"total":244,"covered":156,"skipped":0,"pct":63.93},"branches":{"total":35,"covered":32,"skipped":0,"pct":91.42}}
,"D:\\My Project\\SmartBookAI\\src\\lib\\marketplaceFees.js": {"lines":{"total":149,"covered":149,"skipped":0,"pct":100},"functions":{"total":5,"covered":5,"skipped":0,"pct":100},"statements":{"total":149,"covered":149,"skipped":0,"pct":100},"branches":{"total":48,"covered":44,"skipped":0,"pct":91.66}}
,"D:\\My Project\\SmartBookAI\\src\\lib\\monitoring.js": {"lines":{"total":42,"covered":42,"skipped":0,"pct":100},"functions":{"total":2,"covered":2,"skipped":0,"pct":100},"statements":{"total":42,"covered":42,"skipped":0,"pct":100},"branches":{"total":23,"covered":17,"skipped":0,"pct":73.91}}
,"D:\\My Project\\SmartBookAI\\src\\lib\\ops.js": {"lines":{"total":43,"covered":42,"skipped":0,"pct":97.67},"functions":{"total":5,"covered":5,"skipped":0,"pct":100},"statements":{"total":43,"covered":42,"skipped":0,"pct":97.67},"branches":{"total":24,"covered":18,"skipped":0,"pct":75}}
,"D:\\My Project\\SmartBookAI\\src\\lib\\provinces.js": {"lines":{"total":40,"covered":40,"skipped":0,"pct":100},"functions":{"total":0,"covered":0,"skipped":0,"pct":100},"statements":{"total":40,"covered":40,"skipped":0,"pct":100},"branches":{"total":1,"covered":1,"skipped":0,"pct":100}}
,"D:\\My Project\\SmartBookAI\\src\\lib\\radar.js": {"lines":{"total":65,"covered":65,"skipped":0,"pct":100},"functions":{"total":7,"covered":7,"skipped":0,"pct":100},"statements":{"total":65,"covered":65,"skipped":0,"pct":100},"branches":{"total":32,"covered":27,"skipped":0,"pct":84.37}}
,"D:\\My Project\\SmartBookAI\\src\\lib\\ragPrice.js": {"lines":{"total":137,"covered":137,"skipped":0,"pct":100},"functions":{"total":7,"covered":7,"skipped":0,"pct":100},"statements":{"total":137,"covered":137,"skipped":0,"pct":100},"branches":{"total":61,"covered":54,"skipped":0,"pct":88.52}}
,"D:\\My Project\\SmartBookAI\\src\\lib\\rbac.js": {"lines":{"total":150,"covered":150,"skipped":0,"pct":100},"functions":{"total":7,"covered":7,"skipped":0,"pct":100},"statements":{"total":150,"covered":150,"skipped":0,"pct":100},"branches":{"total":43,"covered":39,"skipped":0,"pct":90.69}}
,"D:\\My Project\\SmartBookAI\\src\\lib\\regression.js": {"lines":{"total":140,"covered":140,"skipped":0,"pct":100},"functions":{"total":7,"covered":7,"skipped":0,"pct":100},"statements":{"total":140,"covered":140,"skipped":0,"pct":100},"branches":{"total":54,"covered":37,"skipped":0,"pct":68.51}}
,"D:\\My Project\\SmartBookAI\\src\\lib\\reportDisclaimer.js": {"lines":{"total":77,"covered":68,"skipped":0,"pct":88.31},"functions":{"total":5,"covered":4,"skipped":0,"pct":80},"statements":{"total":77,"covered":68,"skipped":0,"pct":88.31},"branches":{"total":12,"covered":12,"skipped":0,"pct":100}}
,"D:\\My Project\\SmartBookAI\\src\\lib\\reveal.js": {"lines":{"total":64,"covered":57,"skipped":0,"pct":89.06},"functions":{"total":8,"covered":7,"skipped":0,"pct":87.5},"statements":{"total":64,"covered":57,"skipped":0,"pct":89.06},"branches":{"total":38,"covered":33,"skipped":0,"pct":86.84}}
,"D:\\My Project\\SmartBookAI\\src\\lib\\sampleData.js": {"lines":{"total":129,"covered":129,"skipped":0,"pct":100},"functions":{"total":3,"covered":3,"skipped":0,"pct":100},"statements":{"total":129,"covered":129,"skipped":0,"pct":100},"branches":{"total":7,"covered":7,"skipped":0,"pct":100}}
,"D:\\My Project\\SmartBookAI\\src\\lib\\sp2kp.js": {"lines":{"total":160,"covered":160,"skipped":0,"pct":100},"functions":{"total":13,"covered":13,"skipped":0,"pct":100},"statements":{"total":160,"covered":160,"skipped":0,"pct":100},"branches":{"total":102,"covered":64,"skipped":0,"pct":62.74}}
,"D:\\My Project\\SmartBookAI\\src\\lib\\supabase.js": {"lines":{"total":20,"covered":20,"skipped":0,"pct":100},"functions":{"total":0,"covered":0,"skipped":0,"pct":100},"statements":{"total":20,"covered":20,"skipped":0,"pct":100},"branches":{"total":1,"covered":0,"skipped":0,"pct":0}}
,"D:\\My Project\\SmartBookAI\\src\\lib\\useForceLightTheme.js": {"lines":{"total":14,"covered":0,"skipped":0,"pct":0},"functions":{"total":1,"covered":0,"skipped":0,"pct":0},"statements":{"total":14,"covered":0,"skipped":0,"pct":0},"branches":{"total":1,"covered":0,"skipped":0,"pct":0}}
,"D:\\My Project\\SmartBookAI\\src\\lib\\useLiveVoice.js": {"lines":{"total":378,"covered":75,"skipped":0,"pct":19.84},"functions":{"total":4,"covered":2,"skipped":0,"pct":50},"statements":{"total":378,"covered":75,"skipped":0,"pct":19.84},"branches":{"total":20,"covered":14,"skipped":0,"pct":70}}
,"D:\\My Project\\SmartBookAI\\src\\lib\\useModalA11y.js": {"lines":{"total":62,"covered":61,"skipped":0,"pct":98.38},"functions":{"total":3,"covered":3,"skipped":0,"pct":100},"statements":{"total":62,"covered":61,"skipped":0,"pct":98.38},"branches":{"total":20,"covered":16,"skipped":0,"pct":80}}
,"D:\\My Project\\SmartBookAI\\src\\lib\\useVoiceSession.js": {"lines":{"total":174,"covered":0,"skipped":0,"pct":0},"functions":{"total":1,"covered":0,"skipped":0,"pct":0},"statements":{"total":174,"covered":0,"skipped":0,"pct":0},"branches":{"total":1,"covered":0,"skipped":0,"pct":0}}
,"D:\\My Project\\SmartBookAI\\src\\lib\\validators.js": {"lines":{"total":42,"covered":37,"skipped":0,"pct":88.09},"functions":{"total":5,"covered":3,"skipped":0,"pct":60},"statements":{"total":42,"covered":37,"skipped":0,"pct":88.09},"branches":{"total":16,"covered":16,"skipped":0,"pct":100}}
,"D:\\My Project\\SmartBookAI\\src\\lib\\voice.js": {"lines":{"total":162,"covered":162,"skipped":0,"pct":100},"functions":{"total":8,"covered":7,"skipped":0,"pct":87.5},"statements":{"total":162,"covered":162,"skipped":0,"pct":100},"branches":{"total":46,"covered":45,"skipped":0,"pct":97.82}}
,"D:\\My Project\\SmartBookAI\\src\\lib\\voiceCommand.js": {"lines":{"total":214,"covered":214,"skipped":0,"pct":100},"functions":{"total":17,"covered":16,"skipped":0,"pct":94.11},"statements":{"total":214,"covered":214,"skipped":0,"pct":100},"branches":{"total":49,"covered":35,"skipped":0,"pct":71.42}}
,"D:\\My Project\\SmartBookAI\\src\\lib\\voiceExecutor.js": {"lines":{"total":148,"covered":148,"skipped":0,"pct":100},"functions":{"total":14,"covered":11,"skipped":0,"pct":78.57},"statements":{"total":148,"covered":148,"skipped":0,"pct":100},"branches":{"total":69,"covered":66,"skipped":0,"pct":95.65}}
,"D:\\My Project\\SmartBookAI\\src\\lib\\voiceFlow.js": {"lines":{"total":151,"covered":151,"skipped":0,"pct":100},"functions":{"total":10,"covered":10,"skipped":0,"pct":100},"statements":{"total":151,"covered":151,"skipped":0,"pct":100},"branches":{"total":58,"covered":48,"skipped":0,"pct":82.75}}
,"D:\\My Project\\SmartBookAI\\src\\lib\\voiceInstruction.js": {"lines":{"total":166,"covered":154,"skipped":0,"pct":92.77},"functions":{"total":1,"covered":0,"skipped":0,"pct":0},"statements":{"total":166,"covered":154,"skipped":0,"pct":92.77},"branches":{"total":0,"covered":0,"skipped":0,"pct":100}}
}
